<?xml version="1.0" encoding="UTF-8"?>
<!-- Generated by org.testng.reporters.JUnitXMLReporter -->
<testsuite hostname="DESKTOP-1JFBICD" ignored="1" name="Default test" tests="2" failures="0" timestamp="24 Aug 2019 03:40:01 GMT" time="33.8" errors="0">
  <testcase name="validUserShouldBeAbleToLogin" time="8.555" classname="test.LoginTest"/>
  <testcase name="invalidUserShouldNotBeAbleToLogin" time="18.119" classname="test.LoginTest"/>
  <testcase name="validUserShouldBeAbleToLogin1" time="0.0" classname="test.LoginTest">
    <ignored/>
  </testcase> <!-- validUserShouldBeAbleToLogin1 -->
</testsuite> <!-- Default test -->
