<?xml version="1.0" encoding="UTF-8"?>
<!-- Generated by org.testng.reporters.JUnitXMLReporter -->
<testsuite hostname="DESKTOP-1JFBICD" ignored="1" name="Command line test" tests="2" failures="0" timestamp="24 Aug 2019 02:59:14 GMT" time="25.965" errors="0">
  <testcase name="validUserShouldBeAbleToLogin" time="4.141" classname="test.LoginTest"/>
  <testcase name="invalidUserShouldNotBeAbleToLogin" time="13.395" classname="test.LoginTest"/>
  <testcase name="validUserShouldBeAbleToLogin1" time="0.0" classname="test.LoginTest">
    <ignored/>
  </testcase> <!-- validUserShouldBeAbleToLogin1 -->
</testsuite> <!-- Command line test -->
