<?xml version="1.0" encoding="UTF-8"?>
<testng-results skipped="0" failed="0" ignored="1" total="3" passed="2">
  <reporter-output>
  </reporter-output>
  <suite name="Default suite" duration-ms="33800" started-at="2019-08-24T03:39:27Z" finished-at="2019-08-24T03:40:01Z">
    <groups>
    </groups>
    <test name="Default test" duration-ms="33800" started-at="2019-08-24T03:39:27Z" finished-at="2019-08-24T03:40:01Z">
      <class name="test.LoginTest">
        <test-method status="PASS" signature="launchBrowser()[pri:0, instance:test.LoginTest@748741cb]" name="launchBrowser" is-config="true" duration-ms="3178" started-at="2019-08-23T22:39:27Z" finished-at="2019-08-23T22:39:31Z">
          <reporter-output>
          </reporter-output>
        </test-method> <!-- launchBrowser -->
        <test-method status="PASS" signature="validUserShouldBeAbleToLogin()[pri:0, instance:test.LoginTest@748741cb]" name="validUserShouldBeAbleToLogin" duration-ms="8555" started-at="2019-08-23T22:39:31Z" finished-at="2019-08-23T22:39:39Z">
          <reporter-output>
          </reporter-output>
        </test-method> <!-- validUserShouldBeAbleToLogin -->
        <test-method status="PASS" signature="close()[pri:0, instance:test.LoginTest@748741cb]" name="close" is-config="true" duration-ms="910" started-at="2019-08-23T22:39:39Z" finished-at="2019-08-23T22:39:40Z">
          <reporter-output>
          </reporter-output>
        </test-method> <!-- close -->
        <test-method status="PASS" signature="launchBrowser()[pri:0, instance:test.LoginTest@748741cb]" name="launchBrowser" is-config="true" duration-ms="2171" started-at="2019-08-23T22:39:40Z" finished-at="2019-08-23T22:39:42Z">
          <reporter-output>
          </reporter-output>
        </test-method> <!-- launchBrowser -->
        <test-method status="PASS" signature="invalidUserShouldNotBeAbleToLogin()[pri:1, instance:test.LoginTest@748741cb]" name="invalidUserShouldNotBeAbleToLogin" duration-ms="18119" started-at="2019-08-23T22:39:42Z" finished-at="2019-08-23T22:40:00Z">
          <reporter-output>
          </reporter-output>
        </test-method> <!-- invalidUserShouldNotBeAbleToLogin -->
        <test-method status="PASS" signature="close()[pri:0, instance:test.LoginTest@748741cb]" name="close" is-config="true" duration-ms="852" started-at="2019-08-23T22:40:00Z" finished-at="2019-08-23T22:40:01Z">
          <reporter-output>
          </reporter-output>
        </test-method> <!-- close -->
      </class> <!-- test.LoginTest -->
    </test> <!-- Default test -->
  </suite> <!-- Default suite -->
</testng-results>
